<?xml version="1.0" encoding="UTF-8"?>
<!-- Generated by org.testng.reporters.JUnitReportReporter -->
<testsuite hostname="LTDLUK01424" name="portal.automation.framework.tests.PreRegistrationTests" tests="2" failures="0" timestamp="23 Apr 2015 22:52:38 GMT" time="34.489" errors="0">
  <testcase name="testPreRegistrationFormSubmission" time="13.699" classname="portal.automation.framework.tests.PreRegistrationTests"/>
  <testcase name="testErrorsPreRegistrationFormSubmission" time="20.790" classname="portal.automation.framework.tests.PreRegistrationTests"/>
</testsuite> <!-- portal.automation.framework.tests.PreRegistrationTests -->
